<?xml version="1.0" encoding="UTF-8"?>
<!-- Generated by org.testng.reporters.JUnitReportReporter -->
<testsuite hostname="DESKTOP-HVDPFUD" name="POM.VerifyLoginOpencart" tests="1" failures="0" timestamp="12 Apr 2022 11:00:04 GMT" time="6.805" errors="0">
  <testcase name="TestUser" time="6.805" classname="POM.VerifyLoginOpencart"/>
</testsuite> <!-- POM.VerifyLoginOpencart -->
